<?xml version="1.0" encoding="UTF-8"?>
<!-- Generated by org.testng.reporters.JUnitReportReporter -->
<testsuite hostname="PavithraDilip" failures="0" tests="1" name="com_hms_adminTest.AdminLoginTest" time="2.661" errors="0" timestamp="2024-11-22T10:15:54 IST" skipped="0">
  <testcase classname="com_hms_adminTest.AdminLoginTest" name="adminLoginPageTest" time="2.661"/>
  <system-out/>
</testsuite> <!-- com_hms_adminTest.AdminLoginTest -->
