<?xml version="1.0" encoding="UTF-8"?>
<!-- Generated by org.testng.reporters.JUnitReportReporter -->
<testsuite hostname="PavithraDilip" failures="0" tests="1" name="com_hms_patientTest.CreatePatientAccountTest" time="4.697" errors="0" timestamp="2024-11-22T11:01:37 IST" skipped="0">
  <testcase classname="com_hms_patientTest.CreatePatientAccountTest" name="createPatientAccountTest" time="4.697"/>
  <system-out/>
</testsuite> <!-- com_hms_patientTest.CreatePatientAccountTest -->
