<?xml version="1.0" encoding="UTF-8"?>
<!-- Generated by org.testng.reporters.JUnitReportReporter -->
<testsuite hostname="PavithraDilip" failures="0" tests="1" name="com_hms_patientTest.PatientAppointmentCancelTest" time="8.573" errors="0" timestamp="2024-11-23T00:53:12 IST" skipped="0">
  <testcase classname="com_hms_patientTest.PatientAppointmentCancelTest" name="bookAppointmentTest" time="8.573"/>
  <system-out/>
</testsuite> <!-- com_hms_patientTest.PatientAppointmentCancelTest -->
